<?xml version="1.0" encoding="UTF-8"?>
<testng-results skipped="0" failed="0" ignored="0" total="1" passed="1">
  <reporter-output>
  </reporter-output>
  <suite name="Default suite" duration-ms="27259" started-at="2019-09-18T10:34:49Z" finished-at="2019-09-18T10:35:16Z">
    <groups>
    </groups>
    <test name="Default test" duration-ms="27259" started-at="2019-09-18T10:34:49Z" finished-at="2019-09-18T10:35:16Z">
      <class name="Googlesearch.Search">
        <test-method status="PASS" signature="OpenBrowser()[pri:0, instance:Googlesearch.Search@3d921e20]" name="OpenBrowser" duration-ms="27220" started-at="2019-09-18T10:34:49Z" finished-at="2019-09-18T10:35:16Z">
          <reporter-output>
          </reporter-output>
        </test-method> <!-- OpenBrowser -->
      </class> <!-- Googlesearch.Search -->
    </test> <!-- Default test -->
  </suite> <!-- Default suite -->
</testng-results>
